1600179408132	geckodriver	INFO	Listening on 127.0.0.1:52243
1600179408138	mozrunner::runner	INFO	Running command: "/usr/bin/firefox" "--marionette" "-foreground" "-no-remote" "-profile" "/tmp/rust_mozprofileE4bl9w"
console.error: SearchCache: "_readCacheFile: Error reading cache file:" (new Error("", "(unknown module)"))
1600179414303	Marionette	INFO	Listening on port 39521
1600179414394	Marionette	WARN	TLS certificate errors will be ignored for this session
1600182169637	geckodriver	INFO	Listening on 127.0.0.1:37617
1600182170667	mozrunner::runner	INFO	Running command: "/usr/bin/firefox" "--marionette" "-foreground" "-no-remote" "-profile" "/tmp/rust_mozprofileaIOJPu"
console.error: SearchCache: "_readCacheFile: Error reading cache file:" (new Error("", "(unknown module)"))
1600182176625	Marionette	INFO	Listening on port 42623
1600182176737	Marionette	WARN	TLS certificate errors will be ignored for this session
1600182193612	Marionette	INFO	Stopped listening on port 42623
1600182202588	geckodriver	INFO	Listening on 127.0.0.1:35745
1600182203596	mozrunner::runner	INFO	Running command: "/usr/bin/firefox" "--marionette" "-foreground" "-no-remote" "-profile" "/tmp/rust_mozprofileUYeYig"
console.error: SearchCache: "_readCacheFile: Error reading cache file:" (new Error("", "(unknown module)"))
1600182208558	Marionette	INFO	Listening on port 41675
1600182208635	Marionette	WARN	TLS certificate errors will be ignored for this session
1600182340296	Marionette	INFO	Stopped listening on port 41675
1600182368035	geckodriver	INFO	Listening on 127.0.0.1:33773
1600182369045	mozrunner::runner	INFO	Running command: "/usr/bin/firefox" "--marionette" "-foreground" "-no-remote" "-profile" "/tmp/rust_mozprofilemRCDhY"
console.error: SearchCache: "_readCacheFile: Error reading cache file:" (new Error("", "(unknown module)"))
1600182374010	Marionette	INFO	Listening on port 42233
1600182374099	Marionette	WARN	TLS certificate errors will be ignored for this session
1600182415869	Marionette	INFO	Stopped listening on port 42233
1600182571714	geckodriver	INFO	Listening on 127.0.0.1:57777
1600182571722	mozrunner::runner	INFO	Running command: "/usr/bin/firefox" "--marionette" "-foreground" "-no-remote" "-profile" "/tmp/rust_mozprofileWrwqCd"
console.error: SearchCache: "_readCacheFile: Error reading cache file:" (new Error("", "(unknown module)"))
1600182577010	Marionette	INFO	Listening on port 45427
1600182577065	Marionette	WARN	TLS certificate errors will be ignored for this session
1600182643106	geckodriver	INFO	Listening on 127.0.0.1:53605
1600182644129	mozrunner::runner	INFO	Running command: "/usr/bin/firefox" "--marionette" "-foreground" "-no-remote" "-profile" "/tmp/rust_mozprofilef6K4m2"
console.error: SearchCache: "_readCacheFile: Error reading cache file:" (new Error("", "(unknown module)"))
1600182649876	Marionette	INFO	Listening on port 40219
1600182649972	Marionette	WARN	TLS certificate errors will be ignored for this session
1600182659236	Marionette	INFO	Stopped listening on port 40219
1600182669615	geckodriver	INFO	Listening on 127.0.0.1:44581
1600182669628	mozrunner::runner	INFO	Running command: "/usr/bin/firefox" "--marionette" "-foreground" "-no-remote" "-profile" "/tmp/rust_mozprofileQTpEnU"
console.error: SearchCache: "_readCacheFile: Error reading cache file:" (new Error("", "(unknown module)"))
1600182675241	Marionette	INFO	Listening on port 34663
1600182675281	Marionette	WARN	TLS certificate errors will be ignored for this session
1600182708252	geckodriver	INFO	Listening on 127.0.0.1:38439
1600182709257	mozrunner::runner	INFO	Running command: "/usr/bin/firefox" "--marionette" "-foreground" "-no-remote" "-profile" "/tmp/rust_mozprofilekLzOC6"
console.error: SearchCache: "_readCacheFile: Error reading cache file:" (new Error("", "(unknown module)"))
1600182715111	Marionette	INFO	Listening on port 33009
1600182715214	Marionette	WARN	TLS certificate errors will be ignored for this session
1600182771326	Marionette	INFO	Stopped listening on port 33009
1600182777522	geckodriver	INFO	Listening on 127.0.0.1:52675
1600182778543	mozrunner::runner	INFO	Running command: "/usr/bin/firefox" "--marionette" "-foreground" "-no-remote" "-profile" "/tmp/rust_mozprofile5hBtAa"
console.error: SearchCache: "_readCacheFile: Error reading cache file:" (new Error("", "(unknown module)"))
1600182785835	Marionette	INFO	Listening on port 45279
1600182785895	Marionette	WARN	TLS certificate errors will be ignored for this session
1600182829074	Marionette	INFO	Stopped listening on port 45279
1600182900960	geckodriver	INFO	Listening on 127.0.0.1:56619
1600182901967	mozrunner::runner	INFO	Running command: "/usr/bin/firefox" "--marionette" "-foreground" "-no-remote" "-profile" "/tmp/rust_mozprofile6GpSUR"
console.error: SearchCache: "_readCacheFile: Error reading cache file:" (new Error("", "(unknown module)"))
1600182908226	Marionette	INFO	Listening on port 34189
1600182908321	Marionette	WARN	TLS certificate errors will be ignored for this session
1600182919701	Marionette	INFO	Stopped listening on port 34189
1600187680433	geckodriver	INFO	Listening on 127.0.0.1:53299
1600187681434	mozrunner::runner	INFO	Running command: "/usr/bin/firefox" "--marionette" "-foreground" "-no-remote" "-profile" "/tmp/rust_mozprofile7p17rX"
console.error: SearchCache: "_readCacheFile: Error reading cache file:" (new Error("", "(unknown module)"))
1600187688115	Marionette	INFO	Listening on port 36681
1600187688139	Marionette	WARN	TLS certificate errors will be ignored for this session
1600189954539	geckodriver	INFO	Listening on 127.0.0.1:44743
1600189955548	mozrunner::runner	INFO	Running command: "/usr/bin/firefox" "--marionette" "-foreground" "-no-remote" "-profile" "/tmp/rust_mozprofileoGrr6s"
console.error: SearchCache: "_readCacheFile: Error reading cache file:" (new Error("", "(unknown module)"))
1600189963978	Marionette	INFO	Listening on port 33587
1600189964024	Marionette	WARN	TLS certificate errors will be ignored for this session
console.warn: LoginRecipes: "getRecipes: falling back to a synchronous message for:" "https://www.sbzend.ssls.com"
1600190593234	geckodriver	INFO	Listening on 127.0.0.1:48707
1600190594242	mozrunner::runner	INFO	Running command: "/usr/bin/firefox" "--marionette" "-foreground" "-no-remote" "-profile" "/tmp/rust_mozprofileTdDRpJ"
console.error: SearchCache: "_readCacheFile: Error reading cache file:" (new Error("", "(unknown module)"))
1600190600865	Marionette	INFO	Listening on port 43579
1600190600894	Marionette	WARN	TLS certificate errors will be ignored for this session
1600190669214	geckodriver	INFO	Listening on 127.0.0.1:57455
1600190670231	mozrunner::runner	INFO	Running command: "/usr/bin/firefox" "--marionette" "-foreground" "-no-remote" "-profile" "/tmp/rust_mozprofileJqD5u1"
console.error: SearchCache: "_readCacheFile: Error reading cache file:" (new Error("", "(unknown module)"))
1600190675792	Marionette	INFO	Listening on port 45915
1600190675890	Marionette	WARN	TLS certificate errors will be ignored for this session
1600190690994	Marionette	INFO	Stopped listening on port 45915
1600190718488	geckodriver	INFO	Listening on 127.0.0.1:45965
1600190719497	mozrunner::runner	INFO	Running command: "/usr/bin/firefox" "--marionette" "-foreground" "-no-remote" "-profile" "/tmp/rust_mozprofile29HPgO"
console.error: SearchCache: "_readCacheFile: Error reading cache file:" (new Error("", "(unknown module)"))
1600190724699	Marionette	INFO	Listening on port 41553
1600190724755	Marionette	WARN	TLS certificate errors will be ignored for this session
1600190857803	geckodriver	INFO	Listening on 127.0.0.1:44829
1600190858809	mozrunner::runner	INFO	Running command: "/usr/bin/firefox" "--marionette" "-foreground" "-no-remote" "-profile" "/tmp/rust_mozprofilelz9kbZ"
console.error: SearchCache: "_readCacheFile: Error reading cache file:" (new Error("", "(unknown module)"))
1600190863901	Marionette	INFO	Listening on port 33783
1600190863967	Marionette	WARN	TLS certificate errors will be ignored for this session
1600190888051	geckodriver	INFO	Listening on 127.0.0.1:47883
1600190888056	mozrunner::runner	INFO	Running command: "/usr/bin/firefox" "--marionette" "-foreground" "-no-remote" "-profile" "/tmp/rust_mozprofileBVk6DV"
console.error: SearchCache: "_readCacheFile: Error reading cache file:" (new Error("", "(unknown module)"))
1600190893701	Marionette	INFO	Listening on port 36473
1600190893795	Marionette	WARN	TLS certificate errors will be ignored for this session
1600191151812	geckodriver	INFO	Listening on 127.0.0.1:58517
1600191152812	mozrunner::runner	INFO	Running command: "/usr/bin/firefox" "--marionette" "-foreground" "-no-remote" "-profile" "/tmp/rust_mozprofile4hUqMn"
console.error: SearchCache: "_readCacheFile: Error reading cache file:" (new Error("", "(unknown module)"))
1600191159242	Marionette	INFO	Listening on port 39877
1600191159289	Marionette	WARN	TLS certificate errors will be ignored for this session
1600245789475	geckodriver	INFO	Listening on 127.0.0.1:37421
1600245789480	mozrunner::runner	INFO	Running command: "/usr/bin/firefox" "--marionette" "-foreground" "-no-remote" "-profile" "/tmp/rust_mozprofile8Qiwgq"
console.error: SearchCache: "_readCacheFile: Error reading cache file:" (new Error("", "(unknown module)"))
1600245791895	Marionette	INFO	Listening on port 35651
1600245792006	Marionette	WARN	TLS certificate errors will be ignored for this session
1600245804901	Marionette	INFO	Stopped listening on port 35651
1600248755231	geckodriver	INFO	Listening on 127.0.0.1:47875
1600248756238	mozrunner::runner	INFO	Running command: "/usr/bin/firefox" "--marionette" "-foreground" "-no-remote" "-profile" "/tmp/rust_mozprofile8hcE7m"
console.error: SearchCache: "_readCacheFile: Error reading cache file:" (new Error("", "(unknown module)"))
1600248758041	Marionette	INFO	Listening on port 38327
1600248758053	Marionette	WARN	TLS certificate errors will be ignored for this session
console.warn: LoginRecipes: "getRecipes: falling back to a synchronous message for:" "https://www.sbzend.ssls.com"

(firefox:19277): GLib-GObject-CRITICAL **: 12:32:54.511: g_type_add_interface_static: assertion 'g_type_parent (interface_type) == G_TYPE_INTERFACE' failed

(firefox:19277): GLib-GObject-CRITICAL **: 12:32:54.511: g_type_add_interface_static: assertion 'g_type_parent (interface_type) == G_TYPE_INTERFACE' failed

(firefox:19277): GLib-GObject-CRITICAL **: 12:32:54.511: g_type_add_interface_static: assertion 'g_type_parent (interface_type) == G_TYPE_INTERFACE' failed

(firefox:19277): GLib-GObject-CRITICAL **: 12:32:54.511: g_type_add_interface_static: assertion 'g_type_parent (interface_type) == G_TYPE_INTERFACE' failed

(firefox:19277): GLib-GObject-CRITICAL **: 12:32:54.576: g_type_add_interface_static: assertion 'g_type_parent (interface_type) == G_TYPE_INTERFACE' failed

(firefox:19277): GLib-GObject-CRITICAL **: 12:32:54.576: g_type_add_interface_static: assertion 'g_type_parent (interface_type) == G_TYPE_INTERFACE' failed

(firefox:19277): GLib-GObject-CRITICAL **: 12:32:54.677: g_type_add_interface_static: assertion 'g_type_parent (interface_type) == G_TYPE_INTERFACE' failed
1600248777612	Marionette	INFO	Stopped listening on port 38327
1600248847241	geckodriver	INFO	Listening on 127.0.0.1:43839
1600248847246	mozrunner::runner	INFO	Running command: "/usr/bin/firefox" "--marionette" "-foreground" "-no-remote" "-profile" "/tmp/rust_mozprofileyAPF1A"
console.error: SearchCache: "_readCacheFile: Error reading cache file:" (new Error("", "(unknown module)"))
1600248849205	Marionette	INFO	Listening on port 35545
1600248849269	Marionette	WARN	TLS certificate errors will be ignored for this session
console.warn: LoginRecipes: "getRecipes: falling back to a synchronous message for:" "https://www.sbzend.ssls.com"
1600248946793	geckodriver	INFO	Listening on 127.0.0.1:51351
1600248946796	mozrunner::runner	INFO	Running command: "/usr/bin/firefox" "--marionette" "-foreground" "-no-remote" "-profile" "/tmp/rust_mozprofilet3bVtr"
console.error: SearchCache: "_readCacheFile: Error reading cache file:" (new Error("", "(unknown module)"))
1600248948505	Marionette	INFO	Listening on port 35691
1600248948512	Marionette	WARN	TLS certificate errors will be ignored for this session
console.warn: LoginRecipes: "getRecipes: falling back to a synchronous message for:" "https://www.sbzend.ssls.com"
1600249100451	Marionette	INFO	Stopped listening on port 35545
1600249103223	Marionette	INFO	Stopped listening on port 35691
1600249386583	geckodriver	INFO	Listening on 127.0.0.1:60493
1600249387592	mozrunner::runner	INFO	Running command: "/usr/bin/firefox" "--marionette" "-foreground" "-no-remote" "-profile" "/tmp/rust_mozprofileBn8brC"
console.error: SearchCache: "_readCacheFile: Error reading cache file:" (new Error("", "(unknown module)"))
1600249389564	Marionette	INFO	Listening on port 34977
1600249389599	Marionette	WARN	TLS certificate errors will be ignored for this session
console.warn: LoginRecipes: "getRecipes: falling back to a synchronous message for:" "https://www.sbzend.ssls.com"
1600249439206	geckodriver	INFO	Listening on 127.0.0.1:38945
1600249439211	mozrunner::runner	INFO	Running command: "/usr/bin/firefox" "--marionette" "-foreground" "-no-remote" "-profile" "/tmp/rust_mozprofile7taBW7"
console.error: SearchCache: "_readCacheFile: Error reading cache file:" (new Error("", "(unknown module)"))
1600249441224	Marionette	INFO	Listening on port 34661
1600249441523	Marionette	WARN	TLS certificate errors will be ignored for this session
1600249467868	geckodriver	INFO	Listening on 127.0.0.1:58817
1600249468880	mozrunner::runner	INFO	Running command: "/usr/bin/firefox" "--marionette" "-foreground" "-no-remote" "-profile" "/tmp/rust_mozprofileIpM681"
console.error: SearchCache: "_readCacheFile: Error reading cache file:" (new Error("", "(unknown module)"))
1600249470923	Marionette	INFO	Listening on port 45041
1600249471205	Marionette	WARN	TLS certificate errors will be ignored for this session
1600249489315	geckodriver	INFO	Listening on 127.0.0.1:53937
1600249489323	mozrunner::runner	INFO	Running command: "/usr/bin/firefox" "--marionette" "-foreground" "-no-remote" "-profile" "/tmp/rust_mozprofile74LqtV"
console.error: SearchCache: "_readCacheFile: Error reading cache file:" (new Error("", "(unknown module)"))
1600249491522	Marionette	INFO	Listening on port 46697
1600249491539	Marionette	WARN	TLS certificate errors will be ignored for this session
1600249596228	geckodriver	INFO	Listening on 127.0.0.1:50409
1600249597239	mozrunner::runner	INFO	Running command: "/usr/bin/firefox" "--marionette" "-foreground" "-no-remote" "-profile" "/tmp/rust_mozprofileJlTtJI"
console.error: SearchCache: "_readCacheFile: Error reading cache file:" (new Error("", "(unknown module)"))
1600249600144	Marionette	INFO	Listening on port 39745
1600249600246	Marionette	WARN	TLS certificate errors will be ignored for this session
1600249643105	geckodriver	INFO	Listening on 127.0.0.1:56793
1600249644118	mozrunner::runner	INFO	Running command: "/usr/bin/firefox" "--marionette" "-foreground" "-no-remote" "-profile" "/tmp/rust_mozprofileGWDZOX"
console.error: SearchCache: "_readCacheFile: Error reading cache file:" (new Error("", "(unknown module)"))
1600249646461	Marionette	INFO	Listening on port 46183
1600249646656	Marionette	WARN	TLS certificate errors will be ignored for this session
1600249660235	Marionette	INFO	Stopped listening on port 34977
1600249661762	Marionette	INFO	Stopped listening on port 34661
1600249663593	Marionette	INFO	Stopped listening on port 45041
1600249664951	Marionette	INFO	Stopped listening on port 46697
1600249666486	Marionette	INFO	Stopped listening on port 39745
1600249668174	Marionette	INFO	Stopped listening on port 46183
1600250727582	geckodriver	INFO	Listening on 127.0.0.1:40417
1600250728595	mozrunner::runner	INFO	Running command: "/usr/bin/firefox" "--marionette" "-foreground" "-no-remote" "-profile" "/tmp/rust_mozprofilej1XmE0"
console.error: SearchCache: "_readCacheFile: Error reading cache file:" (new Error("", "(unknown module)"))
1600250730781	Marionette	INFO	Listening on port 38757
1600250730813	Marionette	WARN	TLS certificate errors will be ignored for this session
1600250748519	Marionette	INFO	Stopped listening on port 38757
1600250916718	geckodriver	INFO	Listening on 127.0.0.1:36645
1600250916721	mozrunner::runner	INFO	Running command: "/usr/bin/firefox" "--marionette" "-foreground" "-no-remote" "-profile" "/tmp/rust_mozprofile8rTNqR"
console.error: SearchCache: "_readCacheFile: Error reading cache file:" (new Error("", "(unknown module)"))
1600250918598	Marionette	INFO	Listening on port 41901
1600250918638	Marionette	WARN	TLS certificate errors will be ignored for this session
1600251692337	geckodriver	INFO	Listening on 127.0.0.1:45797
1600251692340	mozrunner::runner	INFO	Running command: "/usr/bin/firefox" "--marionette" "-foreground" "-no-remote" "-profile" "/tmp/rust_mozprofileqfwKG0"
console.error: SearchCache: "_readCacheFile: Error reading cache file:" (new Error("", "(unknown module)"))
1600251694464	Marionette	INFO	Listening on port 45311
1600251694546	Marionette	WARN	TLS certificate errors will be ignored for this session
1600251708173	Marionette	INFO	Stopped listening on port 45311
1600251718084	geckodriver	INFO	Listening on 127.0.0.1:58335
1600251718087	mozrunner::runner	INFO	Running command: "/usr/bin/firefox" "--marionette" "-foreground" "-no-remote" "-profile" "/tmp/rust_mozprofile5Bxq7p"
console.error: SearchCache: "_readCacheFile: Error reading cache file:" (new Error("", "(unknown module)"))
1600251720060	Marionette	INFO	Listening on port 40019
1600251720107	Marionette	WARN	TLS certificate errors will be ignored for this session
1600251830175	geckodriver	INFO	Listening on 127.0.0.1:56465
1600251830178	mozrunner::runner	INFO	Running command: "/usr/bin/firefox" "--marionette" "-foreground" "-no-remote" "-profile" "/tmp/rust_mozprofileMuOAUU"
console.error: SearchCache: "_readCacheFile: Error reading cache file:" (new Error("", "(unknown module)"))
1600251832250	Marionette	INFO	Listening on port 39401
1600251832284	Marionette	WARN	TLS certificate errors will be ignored for this session
1600252788853	geckodriver	INFO	Listening on 127.0.0.1:41959
1600252789859	mozrunner::runner	INFO	Running command: "/usr/bin/firefox" "--marionette" "-foreground" "-no-remote" "-profile" "/tmp/rust_mozprofilewQokNy"
console.error: SearchCache: "_readCacheFile: Error reading cache file:" (new Error("", "(unknown module)"))
1600252791933	Marionette	INFO	Listening on port 33807
1600252791968	Marionette	WARN	TLS certificate errors will be ignored for this session
1600252877139	Marionette	INFO	Stopped listening on port 41901
1600252878840	Marionette	INFO	Stopped listening on port 40019
1600252880357	Marionette	INFO	Stopped listening on port 39401
1600252882155	Marionette	INFO	Stopped listening on port 33807
1600254401916	geckodriver	INFO	Listening on 127.0.0.1:55615
1600254401919	mozrunner::runner	INFO	Running command: "/usr/bin/firefox" "--marionette" "-foreground" "-no-remote" "-profile" "/tmp/rust_mozprofile4yZSAk"
console.error: SearchCache: "_readCacheFile: Error reading cache file:" (new Error("", "(unknown module)"))
1600254403776	Marionette	INFO	Listening on port 44897
1600254403825	Marionette	WARN	TLS certificate errors will be ignored for this session
1600254647299	geckodriver	INFO	Listening on 127.0.0.1:33695
1600254647302	mozrunner::runner	INFO	Running command: "/usr/bin/firefox" "--marionette" "-foreground" "-no-remote" "-profile" "/tmp/rust_mozprofileXXqC0G"
console.error: SearchCache: "_readCacheFile: Error reading cache file:" (new Error("", "(unknown module)"))
1600254648850	Marionette	INFO	Listening on port 34139
1600254649062	Marionette	WARN	TLS certificate errors will be ignored for this session
1600254709071	geckodriver	INFO	Listening on 127.0.0.1:33333
1600254709074	mozrunner::runner	INFO	Running command: "/usr/bin/firefox" "--marionette" "-foreground" "-no-remote" "-profile" "/tmp/rust_mozprofileqT3VP5"
console.error: SearchCache: "_readCacheFile: Error reading cache file:" (new Error("", "(unknown module)"))
1600254711145	Marionette	INFO	Listening on port 35819
1600254711191	Marionette	WARN	TLS certificate errors will be ignored for this session
1600254735645	geckodriver	INFO	Listening on 127.0.0.1:38023
1600254735651	mozrunner::runner	INFO	Running command: "/usr/bin/firefox" "--marionette" "-foreground" "-no-remote" "-profile" "/tmp/rust_mozprofileyrNABY"
console.error: SearchCache: "_readCacheFile: Error reading cache file:" (new Error("", "(unknown module)"))
1600254737892	Marionette	INFO	Listening on port 34023
1600254737958	Marionette	WARN	TLS certificate errors will be ignored for this session
1600254775189	geckodriver	INFO	Listening on 127.0.0.1:46705
1600254775201	mozrunner::runner	INFO	Running command: "/usr/bin/firefox" "--marionette" "-foreground" "-no-remote" "-profile" "/tmp/rust_mozprofilel9nHUm"
console.error: SearchCache: "_readCacheFile: Error reading cache file:" (new Error("", "(unknown module)"))
1600254780767	Marionette	INFO	Listening on port 34645
1600254780835	Marionette	WARN	TLS certificate errors will be ignored for this session
1600254807451	Marionette	INFO	Stopped listening on port 34645
1600254808496	Marionette	INFO	Stopped listening on port 35819
1600254809618	Marionette	INFO	Stopped listening on port 34139
1600254810933	Marionette	INFO	Stopped listening on port 34023
1600254937680	geckodriver	INFO	Listening on 127.0.0.1:51947
1600254937688	mozrunner::runner	INFO	Running command: "/usr/bin/firefox" "--marionette" "-foreground" "-no-remote" "-profile" "/tmp/rust_mozprofiles3vwDC"
console.error: SearchCache: "_readCacheFile: Error reading cache file:" (new Error("", "(unknown module)"))
1600254939884	Marionette	INFO	Listening on port 43957
1600254939899	Marionette	WARN	TLS certificate errors will be ignored for this session
1600254966601	geckodriver	INFO	Listening on 127.0.0.1:38541
1600254966604	mozrunner::runner	INFO	Running command: "/usr/bin/firefox" "--marionette" "-foreground" "-no-remote" "-profile" "/tmp/rust_mozprofileuluQDV"
console.error: SearchCache: "_readCacheFile: Error reading cache file:" (new Error("", "(unknown module)"))
1600254968150	Marionette	INFO	Listening on port 40063
1600254968440	Marionette	WARN	TLS certificate errors will be ignored for this session
1600255010968	geckodriver	INFO	Listening on 127.0.0.1:59819
1600255010971	mozrunner::runner	INFO	Running command: "/usr/bin/firefox" "--marionette" "-foreground" "-no-remote" "-profile" "/tmp/rust_mozprofileqvNHng"
console.error: SearchCache: "_readCacheFile: Error reading cache file:" (new Error("", "(unknown module)"))
1600255012843	Marionette	INFO	Listening on port 35049
1600255012918	Marionette	WARN	TLS certificate errors will be ignored for this session
1600255125095	geckodriver	INFO	Listening on 127.0.0.1:39281
1600255125099	mozrunner::runner	INFO	Running command: "/usr/bin/firefox" "--marionette" "-foreground" "-no-remote" "-profile" "/tmp/rust_mozprofile8pmnE9"
console.error: SearchCache: "_readCacheFile: Error reading cache file:" (new Error("", "(unknown module)"))
1600255127002	Marionette	INFO	Listening on port 44855
1600255127134	Marionette	WARN	TLS certificate errors will be ignored for this session
1600255426492	Marionette	INFO	Stopped listening on port 44855
console.error: (new TypeError("container.node.targetFront is null", "resource://devtools/client/inspector/markup/markup.js", 2271))
1600255567735	Marionette	INFO	Stopped listening on port 40063
1600255600154	geckodriver	INFO	Listening on 127.0.0.1:37971
1600255601161	mozrunner::runner	INFO	Running command: "/usr/bin/firefox" "--marionette" "-foreground" "-no-remote" "-profile" "/tmp/rust_mozprofileeQXbYw"
console.error: SearchCache: "_readCacheFile: Error reading cache file:" (new Error("", "(unknown module)"))
1600255602736	Marionette	INFO	Listening on port 39975
1600255602801	Marionette	WARN	TLS certificate errors will be ignored for this session
1600255621039	Marionette	INFO	Stopped listening on port 39975
console.warn: LoginRecipes: "getRecipes: falling back to a synchronous message for:" "https://www.sbzend.ssls.com"
console.error: (new TypeError("container.node.targetFront is null", "resource://devtools/client/inspector/markup/markup.js", 2271))
console.error: (new TypeError("container.node.targetFront is null", "resource://devtools/client/inspector/markup/markup.js", 2271))
1600255718317	geckodriver	INFO	Listening on 127.0.0.1:48003
1600255718324	mozrunner::runner	INFO	Running command: "/usr/bin/firefox" "--marionette" "-foreground" "-no-remote" "-profile" "/tmp/rust_mozprofileFAszPF"
console.error: SearchCache: "_readCacheFile: Error reading cache file:" (new Error("", "(unknown module)"))
1600255720260	Marionette	INFO	Listening on port 43099
1600255720330	Marionette	WARN	TLS certificate errors will be ignored for this session
1600260782883	Marionette	INFO	Stopped listening on port 35049
1600260785532	Marionette	INFO	Stopped listening on port 43099
1600260787742	Marionette	INFO	Stopped listening on port 43957
IPDL protocol error: Handler returned error code!

###!!! [Parent][DispatchAsyncMessage] Error: PLayerTransaction::Msg_ReleaseLayer Processing error: message was deserialized, but the handler returned false (indicating failure)

IPDL protocol error: Handler returned error code!

###!!! [Parent][DispatchAsyncMessage] Error: PLayerTransaction::Msg_ReleaseLayer Processing error: message was deserialized, but the handler returned false (indicating failure)

IPDL protocol error: Handler returned error code!

###!!! [Parent][DispatchAsyncMessage] Error: PLayerTransaction::Msg_ReleaseLayer Processing error: message was deserialized, but the handler returned false (indicating failure)

IPDL protocol error: Handler returned error code!

###!!! [Parent][DispatchAsyncMessage] Error: PLayerTransaction::Msg_ReleaseLayer Processing error: message was deserialized, but the handler returned false (indicating failure)

IPDL protocol error: Handler returned error code!

###!!! [Parent][DispatchAsyncMessage] Error: PLayerTransaction::Msg_ReleaseLayer Processing error: message was deserialized, but the handler returned false (indicating failure)

IPDL protocol error: Handler returned error code!

###!!! [Parent][DispatchAsyncMessage] Error: PLayerTransaction::Msg_ReleaseLayer Processing error: message was deserialized, but the handler returned false (indicating failure)

IPDL protocol error: Handler returned error code!

###!!! [Parent][DispatchAsyncMessage] Error: PLayerTransaction::Msg_ReleaseLayer Processing error: message was deserialized, but the handler returned false (indicating failure)

IPDL protocol error: Handler returned error code!

###!!! [Parent][DispatchAsyncMessage] Error: PLayerTransaction::Msg_ReleaseLayer Processing error: message was deserialized, but the handler returned false (indicating failure)

IPDL protocol error: Handler returned error code!

###!!! [Parent][DispatchAsyncMessage] Error: PLayerTransaction::Msg_ReleaseLayer Processing error: message was deserialized, but the handler returned false (indicating failure)

IPDL protocol error: Handler returned error code!

###!!! [Parent][DispatchAsyncMessage] Error: PLayerTransaction::Msg_ReleaseLayer Processing error: message was deserialized, but the handler returned false (indicating failure)

IPDL protocol error: Handler returned error code!

###!!! [Parent][DispatchAsyncMessage] Error: PLayerTransaction::Msg_ReleaseLayer Processing error: message was deserialized, but the handler returned false (indicating failure)

IPDL protocol error: Handler returned error code!

###!!! [Parent][DispatchAsyncMessage] Error: PLayerTransaction::Msg_ReleaseLayer Processing error: message was deserialized, but the handler returned false (indicating failure)

IPDL protocol error: Handler returned error code!

###!!! [Parent][DispatchAsyncMessage] Error: PLayerTransaction::Msg_ReleaseLayer Processing error: message was deserialized, but the handler returned false (indicating failure)

1600268428008	Marionette	INFO	Stopped listening on port 44897
